<?xml version="1.0" encoding="UTF-8"?>
<testng-results skipped="0" failed="0" ignored="0" total="1" passed="1">
  <reporter-output>
  </reporter-output>
  <suite name="Default suite" duration-ms="47" started-at="2021-04-03T07:55:26Z" finished-at="2021-04-03T07:55:26Z">
    <groups>
    </groups>
    <test name="Default test" duration-ms="47" started-at="2021-04-03T07:55:26Z" finished-at="2021-04-03T07:55:26Z">
      <class name="com.demo.pack.SignupTest">
        <test-method status="PASS" signature="signup()[pri:0, instance:com.demo.pack.SignupTest@224edc67]" name="signup" duration-ms="32" started-at="2021-04-03T07:55:26Z" finished-at="2021-04-03T07:55:26Z">
          <reporter-output>
          </reporter-output>
        </test-method> <!-- signup -->
      </class> <!-- com.demo.pack.SignupTest -->
    </test> <!-- Default test -->
  </suite> <!-- Default suite -->
</testng-results>
